folders to backup:

[1] ATTO2022-Notes
[2] AihuaLiu
[3] Clonezilla-images
[4] DAMOP2020-videos
[5] DAMOP2021-videos
[6] DAMOP2022-videos
[7] Installers
[8] Uwe_Recording
[9] VirtualBox-img
[10] WSL-img
[11] docker-images
[12] pljj
[13] 万门课程
[14] 傲梅备份
[15] 其他
[16] 数学物理考研试卷
[17] 比心
[18] 电影
[19] 航拍视频
[20] 高中电子课本



########################################
[1/20] ATTO2022-Notes
########################################


########################################
[2/20] AihuaLiu
########################################


########################################
[3/20] Clonezilla-images
########################################


########################################
[4/20] DAMOP2020-videos
########################################


########################################
[5/20] DAMOP2021-videos
########################################


########################################
[6/20] DAMOP2022-videos
########################################


########################################
[7/20] Installers
########################################


########################################
[8/20] Uwe_Recording
########################################


########################################
[9/20] VirtualBox-img
########################################


########################################
[10/20] WSL-img
########################################


########################################
[11/20] docker-images
########################################


########################################
[12/20] pljj
########################################


########################################
[13/20] 万门课程
########################################


########################################
[14/20] 傲梅备份
########################################


########################################
[15/20] 其他
########################################


########################################
[16/20] 数学物理考研试卷
########################################


########################################
[17/20] 比心
########################################


########################################
[18/20] 电影
########################################


########################################
[19/20] 航拍视频
########################################


########################################
[20/20] 高中电子课本
########################################

---------------- all done ----------------
